0 info it worked if it ends with ok
1 verbose cli [ '/usr/bin/nodejs', '/usr/bin/npm', 'run', 'watch-server-start' ]
2 info using npm@3.8.6
3 info using node@v5.12.0
4 verbose run-script [ 'prewatch-server-start',
4 verbose run-script   'watch-server-start',
4 verbose run-script   'postwatch-server-start' ]
5 info lifecycle CERN@0.0.0~prewatch-server-start: CERN@0.0.0
6 silly lifecycle CERN@0.0.0~prewatch-server-start: no script for prewatch-server-start, continuing
7 info lifecycle CERN@0.0.0~watch-server-start: CERN@0.0.0
8 verbose lifecycle CERN@0.0.0~watch-server-start: unsafe-perm in lifecycle true
9 verbose lifecycle CERN@0.0.0~watch-server-start: PATH: /usr/lib/node_modules/npm/bin/node-gyp-bin:/home/dobrin/CERN/node_modules/.bin:/usr/bin:/usr/lib/node_modules/npm/bin/node-gyp-bin:/home/dobrin/CERN/node_modules/.bin:/usr/bin:/usr/local/heroku/bin:/usr/local/sbin:/usr/local/bin:/usr/sbin:/usr/bin:/sbin:/bin:/usr/games:/usr/local/games:/snap/bin:/usr/lib/jvm/java-8-oracle/bin:/usr/lib/jvm/java-8-oracle/db/bin:/usr/lib/jvm/java-8-oracle/jre/bin
10 verbose lifecycle CERN@0.0.0~watch-server-start: CWD: /home/dobrin/CERN
11 silly lifecycle CERN@0.0.0~watch-server-start: Args: [ '-c',
11 silly lifecycle   'node node_modules/just-wait --pattern "dist/*.js" && npm run start' ]
12 silly lifecycle CERN@0.0.0~watch-server-start: Returned: code: 1  signal: null
13 info lifecycle CERN@0.0.0~watch-server-start: Failed to exec watch-server-start script
14 verbose stack Error: CERN@0.0.0 watch-server-start: `node node_modules/just-wait --pattern "dist/*.js" && npm run start`
14 verbose stack Exit status 1
14 verbose stack     at EventEmitter.<anonymous> (/usr/lib/node_modules/npm/lib/utils/lifecycle.js:239:16)
14 verbose stack     at emitTwo (events.js:100:13)
14 verbose stack     at EventEmitter.emit (events.js:185:7)
14 verbose stack     at ChildProcess.<anonymous> (/usr/lib/node_modules/npm/lib/utils/spawn.js:24:14)
14 verbose stack     at emitTwo (events.js:100:13)
14 verbose stack     at ChildProcess.emit (events.js:185:7)
14 verbose stack     at maybeClose (internal/child_process.js:850:16)
14 verbose stack     at Process.ChildProcess._handle.onexit (internal/child_process.js:215:5)
15 verbose pkgid CERN@0.0.0
16 verbose cwd /home/dobrin/CERN
17 error Linux 3.19.0-64-generic
18 error argv "/usr/bin/nodejs" "/usr/bin/npm" "run" "watch-server-start"
19 error node v5.12.0
20 error npm  v3.8.6
21 error code ELIFECYCLE
22 error CERN@0.0.0 watch-server-start: `node node_modules/just-wait --pattern "dist/*.js" && npm run start`
22 error Exit status 1
23 error Failed at the CERN@0.0.0 watch-server-start script 'node node_modules/just-wait --pattern "dist/*.js" && npm run start'.
23 error Make sure you have the latest version of node.js and npm installed.
23 error If you do, this is most likely a problem with the CERN package,
23 error not with npm itself.
23 error Tell the author that this fails on your system:
23 error     node node_modules/just-wait --pattern "dist/*.js" && npm run start
23 error You can get information on how to open an issue for this project with:
23 error     npm bugs CERN
23 error Or if that isn't available, you can get their info via:
23 error     npm owner ls CERN
23 error There is likely additional logging output above.
24 verbose exit [ 1, true ]
